# JRE version: OpenJDK Runtime Environment (23.0.1+11) (build 23.0.1+11-39)
# Java VM: OpenJDK 64-Bit Server VM (23.0.1+11-39, mixed mode, sharing, tiered, compressed oops, compressed class ptrs, g1 gc, windows-amd64)
GC Precious Log:
 CardTable entry size: 512
 Card Set container configuration: InlinePtr #cards 4 size 8 Array Of Cards #cards 16 size 48 Howl #buckets 8 coarsen threshold 3686 Howl Bitmap #cards 512 size 80 coarsen threshold 460 Card regions per heap region 1 cards per card region 4096
 CPUs: 8 total, 8 available
 Memory: 16326M
 Large Page Support: Disabled
 NUMA Support: Disabled
 Compressed Oops: Enabled (Zero based)
 Heap Region Size: 2M
 Heap Min Capacity: 8M
 Heap Initial Capacity: 256M
 Heap Max Capacity: 4082M
 Pre-touch: Disabled
 Parallel Workers: 8
 Concurrent Workers: 2
 Concurrent Refinement Workers: 8
 Periodic GC: Disabled
Heap:
 garbage-first heap   total reserved 4179968K, committed 69632K, used 34034K [0x0000000700e00000, 0x0000000800000000)
  region size 2048K, 7 young (14336K), 2 survivors (4096K)
 Metaspace       used 67746K, committed 68352K, reserved 1114112K
  class space    used 9076K, committed 9344K, reserved 1048576K
GC Heap History (20 events):
Event: 3.089 GC heap before
{Heap before GC invocations=5 (full 0):
 garbage-first heap   total reserved 4179968K, committed 40960K, used 27117K [0x0000000700e00000, 0x0000000800000000)
  region size 2048K, 10 young (20480K), 2 survivors (4096K)
 Metaspace       used 27676K, committed 28032K, reserved 1114112K
  class space    used 3369K, committed 3520K, reserved 1048576K
}
Event: 3.096 GC heap after
{Heap after GC invocations=6 (full 0):
 garbage-first heap   total reserved 4179968K, committed 40960K, used 14429K [0x0000000700e00000, 0x0000000800000000)
  region size 2048K, 2 young (4096K), 2 survivors (4096K)
 Metaspace       used 27676K, committed 28032K, reserved 1114112K
  class space    used 3369K, committed 3520K, reserved 1048576K
}
Event: 3.608 GC heap before
{Heap before GC invocations=6 (full 0):
 garbage-first heap   total reserved 4179968K, committed 40960K, used 30813K [0x0000000700e00000, 0x0000000800000000)
  region size 2048K, 10 young (20480K), 2 survivors (4096K)
 Metaspace       used 29530K, committed 29888K, reserved 1114112K
  class space    used 3602K, committed 3776K, reserved 1048576K
}
Event: 3.615 GC heap after
{Heap after GC invocations=7 (full 0):
 garbage-first heap   total reserved 4179968K, committed 40960K, used 15621K [0x0000000700e00000, 0x0000000800000000)
  region size 2048K, 2 young (4096K), 2 survivors (4096K)
 Metaspace       used 29530K, committed 29888K, reserved 1114112K
  class space    used 3602K, committed 3776K, reserved 1048576K
}
Event: 4.090 GC heap before
{Heap before GC invocations=7 (full 0):
 garbage-first heap   total reserved 4179968K, committed 40960K, used 27909K [0x0000000700e00000, 0x0000000800000000)
  region size 2048K, 9 young (18432K), 2 survivors (4096K)
 Metaspace       used 31582K, committed 31936K, reserved 1114112K
  class space    used 3890K, committed 4032K, reserved 1048576K
}
Event: 4.097 GC heap after
{Heap after GC invocations=8 (full 0):
 garbage-first heap   total reserved 4179968K, committed 40960K, used 16522K [0x0000000700e00000, 0x0000000800000000)
  region size 2048K, 2 young (4096K), 2 survivors (4096K)
 Metaspace       used 31582K, committed 31936K, reserved 1114112K
  class space    used 3890K, committed 4032K, reserved 1048576K
}
Event: 4.537 GC heap before
{Heap before GC invocations=8 (full 0):
 garbage-first heap   total reserved 4179968K, committed 40960K, used 30858K [0x0000000700e00000, 0x0000000800000000)
  region size 2048K, 9 young (18432K), 2 survivors (4096K)
 Metaspace       used 33903K, committed 34368K, reserved 1114112K
  class space    used 4214K, committed 4416K, reserved 1048576K
}
Event: 4.544 GC heap after
{Heap after GC invocations=9 (full 0):
 garbage-first heap   total reserved 4179968K, committed 151552K, used 17907K [0x0000000700e00000, 0x0000000800000000)
  region size 2048K, 2 young (4096K), 2 survivors (4096K)
 Metaspace       used 33903K, committed 34368K, reserved 1114112K
  class space    used 4214K, committed 4416K, reserved 1048576K
}
Event: 4.918 GC heap before
{Heap before GC invocations=9 (full 0):
 garbage-first heap   total reserved 4179968K, committed 151552K, used 24051K [0x0000000700e00000, 0x0000000800000000)
  region size 2048K, 7 young (14336K), 2 survivors (4096K)
 Metaspace       used 35732K, committed 36096K, reserved 1114112K
  class space    used 4515K, committed 4672K, reserved 1048576K
}
Event: 4.924 GC heap after
{Heap after GC invocations=10 (full 0):
 garbage-first heap   total reserved 4179968K, committed 151552K, used 18793K [0x0000000700e00000, 0x0000000800000000)
  region size 2048K, 2 young (4096K), 2 survivors (4096K)
 Metaspace       used 35732K, committed 36096K, reserved 1114112K
  class space    used 4515K, committed 4672K, reserved 1048576K
}
Event: 6.113 GC heap before
{Heap before GC invocations=11 (full 0):
 garbage-first heap   total reserved 4179968K, committed 69632K, used 55657K [0x0000000700e00000, 0x0000000800000000)
  region size 2048K, 20 young (40960K), 2 survivors (4096K)
 Metaspace       used 43522K, committed 44096K, reserved 1114112K
  class space    used 5573K, committed 5824K, reserved 1048576K
}
Event: 6.119 GC heap after
{Heap after GC invocations=12 (full 0):
 garbage-first heap   total reserved 4179968K, committed 69632K, used 21608K [0x0000000700e00000, 0x0000000800000000)
  region size 2048K, 3 young (6144K), 3 survivors (6144K)
 Metaspace       used 43522K, committed 44096K, reserved 1114112K
  class space    used 5573K, committed 5824K, reserved 1048576K
}
Event: 7.114 GC heap before
{Heap before GC invocations=12 (full 0):
 garbage-first heap   total reserved 4179968K, committed 69632K, used 52328K [0x0000000700e00000, 0x0000000800000000)
  region size 2048K, 19 young (38912K), 3 survivors (6144K)
 Metaspace       used 51012K, committed 51584K, reserved 1114112K
  class space    used 6636K, committed 6912K, reserved 1048576K
}
Event: 7.121 GC heap after
{Heap after GC invocations=13 (full 0):
 garbage-first heap   total reserved 4179968K, committed 69632K, used 23973K [0x0000000700e00000, 0x0000000800000000)
  region size 2048K, 3 young (6144K), 3 survivors (6144K)
 Metaspace       used 51012K, committed 51584K, reserved 1114112K
  class space    used 6636K, committed 6912K, reserved 1048576K
}
Event: 7.997 GC heap before
{Heap before GC invocations=13 (full 0):
 garbage-first heap   total reserved 4179968K, committed 69632K, used 52645K [0x0000000700e00000, 0x0000000800000000)
  region size 2048K, 18 young (36864K), 3 survivors (6144K)
 Metaspace       used 59182K, committed 59712K, reserved 1114112K
  class space    used 7753K, committed 8000K, reserved 1048576K
}
Event: 8.002 GC heap after
{Heap after GC invocations=14 (full 0):
 garbage-first heap   total reserved 4179968K, committed 69632K, used 26053K [0x0000000700e00000, 0x0000000800000000)
  region size 2048K, 3 young (6144K), 3 survivors (6144K)
 Metaspace       used 59182K, committed 59712K, reserved 1114112K
  class space    used 7753K, committed 8000K, reserved 1048576K
}
Event: 8.129 GC heap before
{Heap before GC invocations=14 (full 0):
 garbage-first heap   total reserved 4179968K, committed 69632K, used 28101K [0x0000000700e00000, 0x0000000800000000)
  region size 2048K, 5 young (10240K), 3 survivors (6144K)
 Metaspace       used 59854K, committed 60416K, reserved 1114112K
  class space    used 7902K, committed 8192K, reserved 1048576K
}
Event: 8.132 GC heap after
{Heap after GC invocations=15 (full 0):
 garbage-first heap   total reserved 4179968K, committed 69632K, used 26352K [0x0000000700e00000, 0x0000000800000000)
  region size 2048K, 2 young (4096K), 2 survivors (4096K)
 Metaspace       used 59854K, committed 60416K, reserved 1114112K
  class space    used 7902K, committed 8192K, reserved 1048576K
}
Event: 9.430 GC heap before
{Heap before GC invocations=16 (full 0):
 garbage-first heap   total reserved 4179968K, committed 69632K, used 55024K [0x0000000700e00000, 0x0000000800000000)
  region size 2048K, 17 young (34816K), 2 survivors (4096K)
 Metaspace       used 65729K, committed 66368K, reserved 1114112K
  class space    used 8844K, committed 9088K, reserved 1048576K
}
Event: 9.434 GC heap after
{Heap after GC invocations=17 (full 0):
 garbage-first heap   total reserved 4179968K, committed 69632K, used 27890K [0x0000000700e00000, 0x0000000800000000)
  region size 2048K, 2 young (4096K), 2 survivors (4096K)
 Metaspace       used 65729K, committed 66368K, reserved 1114112K
  class space    used 8844K, committed 9088K, reserved 1048576K
}

